# JRE version: Java(TM) SE Runtime Environment (8.0_144-b01) (build 1.8.0_144-b01)
# Java VM: Java HotSpot(TM) 64-Bit Server VM (25.144-b01 mixed mode windows-amd64 compressed oops)
Heap:
 PSYoungGen      total 200704K, used 4920K [0x00000000d6000000, 0x00000000e7680000, 0x0000000100000000)
  eden space 186880K, 0% used [0x00000000d6000000,0x00000000d6000000,0x00000000e1680000)
  from space 13824K, 35% used [0x00000000e6900000,0x00000000e6dce260,0x00000000e7680000)
  to   space 13824K, 0% used [0x00000000e1680000,0x00000000e1680000,0x00000000e2400000)
 ParOldGen       total 90112K, used 13932K [0x0000000082000000, 0x0000000087800000, 0x00000000d6000000)
  object space 90112K, 15% used [0x0000000082000000,0x0000000082d9b260,0x0000000087800000)
 Metaspace       used 37961K, capacity 39588K, committed 39768K, reserved 1087488K
  class space    used 4817K, capacity 5134K, committed 5248K, reserved 1048576K
GC Heap History (10 events):
Event: 5.338 GC heap after
Heap after GC invocations=6 (full 1):
 PSYoungGen      total 136192K, used 5111K [0x00000000d6000000, 0x00000000e3180000, 0x0000000100000000)
  eden space 131072K, 0% used [0x00000000d6000000,0x00000000d6000000,0x00000000de000000)
  from space 5120K, 99% used [0x00000000de000000,0x00000000de4fddd0,0x00000000de500000)
  to   space 10752K, 0% used [0x00000000e2700000,0x00000000e2700000,0x00000000e3180000)
 ParOldGen       total 61440K, used 11951K [0x0000000082000000, 0x0000000085c00000, 0x00000000d6000000)
  object space 61440K, 19% used [0x0000000082000000,0x0000000082babcf8,0x0000000085c00000)
 Metaspace       used 26919K, capacity 27834K, committed 28032K, reserved 1073152K
  class space    used 3490K, capacity 3673K, committed 3712K, reserved 1048576K
}
Event: 6.656 GC heap before
{Heap before GC invocations=7 (full 1):
 PSYoungGen      total 136192K, used 136183K [0x00000000d6000000, 0x00000000e3180000, 0x0000000100000000)
  eden space 131072K, 100% used [0x00000000d6000000,0x00000000de000000,0x00000000de000000)
  from space 5120K, 99% used [0x00000000de000000,0x00000000de4fddd0,0x00000000de500000)
  to   space 10752K, 0% used [0x00000000e2700000,0x00000000e2700000,0x00000000e3180000)
 ParOldGen       total 61440K, used 11951K [0x0000000082000000, 0x0000000085c00000, 0x00000000d6000000)
  object space 61440K, 19% used [0x0000000082000000,0x0000000082babcf8,0x0000000085c00000)
 Metaspace       used 32952K, capacity 34580K, committed 34816K, reserved 1079296K
  class space    used 4299K, capacity 4590K, committed 4608K, reserved 1048576K
Event: 6.672 GC heap after
Heap after GC invocations=7 (full 1):
 PSYoungGen      total 195584K, used 10727K [0x00000000d6000000, 0x00000000e3180000, 0x0000000100000000)
  eden space 184832K, 0% used [0x00000000d6000000,0x00000000d6000000,0x00000000e1480000)
  from space 10752K, 99% used [0x00000000e2700000,0x00000000e3179de8,0x00000000e3180000)
  to   space 13824K, 0% used [0x00000000e1680000,0x00000000e1680000,0x00000000e2400000)
 ParOldGen       total 61440K, used 14057K [0x0000000082000000, 0x0000000085c00000, 0x00000000d6000000)
  object space 61440K, 22% used [0x0000000082000000,0x0000000082dba660,0x0000000085c00000)
 Metaspace       used 32952K, capacity 34580K, committed 34816K, reserved 1079296K
  class space    used 4299K, capacity 4590K, committed 4608K, reserved 1048576K
}
Event: 6.828 GC heap before
{Heap before GC invocations=8 (full 1):
 PSYoungGen      total 195584K, used 24880K [0x00000000d6000000, 0x00000000e3180000, 0x0000000100000000)
  eden space 184832K, 7% used [0x00000000d6000000,0x00000000d6dd24a8,0x00000000e1480000)
  from space 10752K, 99% used [0x00000000e2700000,0x00000000e3179de8,0x00000000e3180000)
  to   space 13824K, 0% used [0x00000000e1680000,0x00000000e1680000,0x00000000e2400000)
 ParOldGen       total 61440K, used 14057K [0x0000000082000000, 0x0000000085c00000, 0x00000000d6000000)
  object space 61440K, 22% used [0x0000000082000000,0x0000000082dba660,0x0000000085c00000)
 Metaspace       used 33767K, capacity 35322K, committed 35416K, reserved 1079296K
  class space    used 4379K, capacity 4687K, committed 4736K, reserved 1048576K
Event: 6.840 GC heap after
Heap after GC invocations=8 (full 1):
 PSYoungGen      total 200704K, used 9307K [0x00000000d6000000, 0x00000000e7680000, 0x0000000100000000)
  eden space 186880K, 0% used [0x00000000d6000000,0x00000000d6000000,0x00000000e1680000)
  from space 13824K, 67% used [0x00000000e1680000,0x00000000e1f96d98,0x00000000e2400000)
  to   space 13824K, 0% used [0x00000000e6900000,0x00000000e6900000,0x00000000e7680000)
 ParOldGen       total 61440K, used 14065K [0x0000000082000000, 0x0000000085c00000, 0x00000000d6000000)
  object space 61440K, 22% used [0x0000000082000000,0x0000000082dbc660,0x0000000085c00000)
 Metaspace       used 33767K, capacity 35322K, committed 35416K, reserved 1079296K
  class space    used 4379K, capacity 4687K, committed 4736K, reserved 1048576K
}
Event: 6.840 GC heap before
{Heap before GC invocations=9 (full 2):
 PSYoungGen      total 200704K, used 9307K [0x00000000d6000000, 0x00000000e7680000, 0x0000000100000000)
  eden space 186880K, 0% used [0x00000000d6000000,0x00000000d6000000,0x00000000e1680000)
  from space 13824K, 67% used [0x00000000e1680000,0x00000000e1f96d98,0x00000000e2400000)
  to   space 13824K, 0% used [0x00000000e6900000,0x00000000e6900000,0x00000000e7680000)
 ParOldGen       total 61440K, used 14065K [0x0000000082000000, 0x0000000085c00000, 0x00000000d6000000)
  object space 61440K, 22% used [0x0000000082000000,0x0000000082dbc660,0x0000000085c00000)
 Metaspace       used 33767K, capacity 35322K, committed 35416K, reserved 1079296K
  class space    used 4379K, capacity 4687K, committed 4736K, reserved 1048576K
Event: 6.907 GC heap after
Heap after GC invocations=9 (full 2):
 PSYoungGen      total 200704K, used 0K [0x00000000d6000000, 0x00000000e7680000, 0x0000000100000000)
  eden space 186880K, 0% used [0x00000000d6000000,0x00000000d6000000,0x00000000e1680000)
  from space 13824K, 0% used [0x00000000e1680000,0x00000000e1680000,0x00000000e2400000)
  to   space 13824K, 0% used [0x00000000e6900000,0x00000000e6900000,0x00000000e7680000)
 ParOldGen       total 90112K, used 13924K [0x0000000082000000, 0x0000000087800000, 0x00000000d6000000)
  object space 90112K, 15% used [0x0000000082000000,0x0000000082d99260,0x0000000087800000)
 Metaspace       used 33767K, capacity 35322K, committed 35416K, reserved 1079296K
  class space    used 4379K, capacity 4687K, committed 4736K, reserved 1048576K
}
Event: 7.643 GC heap before
{Heap before GC invocations=10 (full 2):
 PSYoungGen      total 200704K, used 113244K [0x00000000d6000000, 0x00000000e7680000, 0x0000000100000000)
  eden space 186880K, 60% used [0x00000000d6000000,0x00000000dce973b8,0x00000000e1680000)
  from space 13824K, 0% used [0x00000000e1680000,0x00000000e1680000,0x00000000e2400000)
  to   space 13824K, 0% used [0x00000000e6900000,0x00000000e6900000,0x00000000e7680000)
 ParOldGen       total 90112K, used 13924K [0x0000000082000000, 0x0000000087800000, 0x00000000d6000000)
  object space 90112K, 15% used [0x0000000082000000,0x0000000082d99260,0x0000000087800000)
 Metaspace       used 37961K, capacity 39588K, committed 39768K, reserved 1087488K
  class space    used 4817K, capacity 5134K, committed 5248K, reserved 1048576K
Event: 7.662 GC heap after
Heap after GC invocations=10 (full 2):
 PSYoungGen      total 200704K, used 4920K [0x00000000d6000000, 0x00000000e7680000, 0x0000000100000000)
  eden space 186880K, 0% used [0x00000000d6000000,0x00000000d6000000,0x00000000e1680000)
  from space 13824K, 35% used [0x00000000e6900000,0x00000000e6dce260,0x00000000e7680000)
  to   space 13824K, 0% used [0x00000000e1680000,0x00000000e1680000,0x00000000e2400000)
 ParOldGen       total 90112K, used 13932K [0x0000000082000000, 0x0000000087800000, 0x00000000d6000000)
  object space 90112K, 15% used [0x0000000082000000,0x0000000082d9b260,0x0000000087800000)
 Metaspace       used 37961K, capacity 39588K, committed 39768K, reserved 1087488K
  class space    used 4817K, capacity 5134K, committed 5248K, reserved 1048576K
}
Event: 7.662 GC heap before
{Heap before GC invocations=11 (full 3):
 PSYoungGen      total 200704K, used 4920K [0x00000000d6000000, 0x00000000e7680000, 0x0000000100000000)
  eden space 186880K, 0% used [0x00000000d6000000,0x00000000d6000000,0x00000000e1680000)
  from space 13824K, 35% used [0x00000000e6900000,0x00000000e6dce260,0x00000000e7680000)
  to   space 13824K, 0% used [0x00000000e1680000,0x00000000e1680000,0x00000000e2400000)
 ParOldGen       total 90112K, used 13932K [0x0000000082000000, 0x0000000087800000, 0x00000000d6000000)
  object space 90112K, 15% used [0x0000000082000000,0x0000000082d9b260,0x0000000087800000)
 Metaspace       used 37961K, capacity 39588K, committed 39768K, reserved 1087488K
  class space    used 4817K, capacity 5134K, committed 5248K, reserved 1048576K

